2021-11-05 20:10:34.221  INFO 27060 --- [restartedMain] c.m.s.b.kube.SpringBootKubeApplication   : Starting SpringBootKubeApplication using Java 11.0.13 on shi.local with PID 27060 (/Users/shishaodong/IdeaProjects/spring-boot-kube/build/classes/java/main started by shishaodong in /Users/shishaodong/IdeaProjects/spring-boot-kube)
2021-11-05 20:10:34.227  INFO 27060 --- [restartedMain] c.m.s.b.kube.SpringBootKubeApplication   : No active profile set, falling back to default profiles: default
2021-11-05 20:10:34.341  INFO 27060 --- [restartedMain] .e.DevToolsPropertyDefaultsPostProcessor : Devtools property defaults active! Set 'spring.devtools.add-properties' to 'false' to disable
2021-11-05 20:10:34.341  INFO 27060 --- [restartedMain] .e.DevToolsPropertyDefaultsPostProcessor : For additional web related logging consider setting the 'logging.level.web' property to 'DEBUG'
2021-11-05 20:10:36.722  INFO 27060 --- [restartedMain] .s.d.r.c.RepositoryConfigurationDelegate : Multiple Spring Data modules found, entering strict repository configuration mode!
2021-11-05 20:10:36.725  INFO 27060 --- [restartedMain] .s.d.r.c.RepositoryConfigurationDelegate : Bootstrapping Spring Data Redis repositories in DEFAULT mode.
2021-11-05 20:10:36.770  INFO 27060 --- [restartedMain] .s.d.r.c.RepositoryConfigurationDelegate : Finished Spring Data repository scanning in 14 ms. Found 0 Redis repository interfaces.
2021-11-05 20:10:37.084  INFO 27060 --- [restartedMain] o.s.cloud.context.scope.GenericScope     : BeanFactory id=095001a4-7e27-3ef7-b206-1b42080d5e35
2021-11-05 20:10:38.009  INFO 27060 --- [restartedMain] o.s.b.w.embedded.tomcat.TomcatWebServer  : Tomcat initialized with port(s): 8080 (http)
2021-11-05 20:10:38.024  INFO 27060 --- [restartedMain] o.apache.catalina.core.StandardService   : Starting service [Tomcat]
2021-11-05 20:10:38.025  INFO 27060 --- [restartedMain] org.apache.catalina.core.StandardEngine  : Starting Servlet engine: [Apache Tomcat/9.0.54]
2021-11-05 20:10:38.125  INFO 27060 --- [restartedMain] o.a.c.c.C.[Tomcat].[localhost].[/]       : Initializing Spring embedded WebApplicationContext
2021-11-05 20:10:38.125  INFO 27060 --- [restartedMain] w.s.c.ServletWebServerApplicationContext : Root WebApplicationContext: initialization completed in 3783 ms
2021-11-05 20:10:39.597  INFO 27060 --- [restartedMain] o.s.b.d.a.OptionalLiveReloadServer       : LiveReload server is running on port 35729
2021-11-05 20:10:39.749  INFO 27060 --- [restartedMain] o.s.b.w.embedded.tomcat.TomcatWebServer  : Tomcat started on port(s): 8080 (http) with context path ''
2021-11-05 20:10:39.874  INFO 27060 --- [restartedMain] o.s.b.w.embedded.tomcat.TomcatWebServer  : Tomcat initialized with port(s): 9090 (http)
2021-11-05 20:10:39.875  INFO 27060 --- [restartedMain] o.apache.catalina.core.StandardService   : Starting service [Tomcat]
2021-11-05 20:10:39.876  INFO 27060 --- [restartedMain] org.apache.catalina.core.StandardEngine  : Starting Servlet engine: [Apache Tomcat/9.0.54]
2021-11-05 20:10:39.895  INFO 27060 --- [restartedMain] o.a.c.c.C.[Tomcat-1].[localhost].[/]     : Initializing Spring embedded WebApplicationContext
2021-11-05 20:10:39.896  INFO 27060 --- [restartedMain] w.s.c.ServletWebServerApplicationContext : Root WebApplicationContext: initialization completed in 138 ms
2021-11-05 20:10:39.910  INFO 27060 --- [restartedMain] o.s.b.a.e.web.EndpointLinksResolver      : Exposing 19 endpoint(s) beneath base path '/actuator'
2021-11-05 20:10:39.966  INFO 27060 --- [restartedMain] o.s.b.w.embedded.tomcat.TomcatWebServer  : Tomcat started on port(s): 9090 (http) with context path ''
2021-11-05 20:10:39.998  INFO 27060 --- [restartedMain] c.m.s.b.kube.SpringBootKubeApplication   : Started SpringBootKubeApplication in 6.438 seconds (JVM running for 8.87)
2021-11-05 20:10:42.324  INFO 27060 --- [RMI TCP Connection(3)-127.0.0.1] o.a.c.c.C.[Tomcat].[localhost].[/]       : Initializing Spring DispatcherServlet 'dispatcherServlet'
2021-11-05 20:10:42.326  INFO 27060 --- [RMI TCP Connection(3)-127.0.0.1] o.s.web.servlet.DispatcherServlet        : Initializing Servlet 'dispatcherServlet'
2021-11-05 20:10:42.331  INFO 27060 --- [RMI TCP Connection(3)-127.0.0.1] o.s.web.servlet.DispatcherServlet        : Completed initialization in 2 ms
2021-11-05 20:12:13.692  WARN 27060 --- [http-nio-8080-exec-1] .w.s.m.s.DefaultHandlerExceptionResolver : Resolved [org.springframework.web.HttpRequestMethodNotSupportedException: Request method 'GET' not supported]
2021-12-07 20:00:56.942  INFO 52945 --- [Test worker] c.m.s.b.k.SpringBootKubeApplicationTests : Starting SpringBootKubeApplicationTests using Java 11.0.13 on MacBookPro.local with PID 52945 (started by shishaodong in /Users/shishaodong/IdeaProjects/spring-boot-kube)
2021-12-07 20:00:56.944  INFO 52945 --- [Test worker] c.m.s.b.k.SpringBootKubeApplicationTests : No active profile set, falling back to default profiles: default
2021-12-07 20:00:57.385  INFO 52945 --- [Test worker] .s.d.r.c.RepositoryConfigurationDelegate : Multiple Spring Data modules found, entering strict repository configuration mode!
2021-12-07 20:00:57.388  INFO 52945 --- [Test worker] .s.d.r.c.RepositoryConfigurationDelegate : Bootstrapping Spring Data Redis repositories in DEFAULT mode.
2021-12-07 20:00:57.397  INFO 52945 --- [Test worker] .s.d.r.c.RepositoryConfigurationDelegate : Finished Spring Data repository scanning in 2 ms. Found 0 Redis repository interfaces.
2021-12-07 20:00:57.475  INFO 52945 --- [Test worker] o.s.cloud.context.scope.GenericScope     : BeanFactory id=b2c5de2e-55f3-364c-a561-b10380af1361
2021-12-07 20:00:58.405  INFO 52945 --- [Test worker] c.m.s.b.k.SpringBootKubeApplicationTests : Started SpringBootKubeApplicationTests in 1.815 seconds (JVM running for 2.36)
2021-12-07 21:58:28.960  INFO 53437 --- [restartedMain] c.m.s.b.kube.SpringBootKubeApplication   : Starting SpringBootKubeApplication using Java 11.0.13 on MacBookPro with PID 53437 (/Users/shishaodong/IdeaProjects/spring-boot-kube/build/classes/java/main started by shishaodong in /Users/shishaodong/IdeaProjects/spring-boot-kube)
2021-12-07 21:58:28.961  INFO 53437 --- [restartedMain] c.m.s.b.kube.SpringBootKubeApplication   : No active profile set, falling back to default profiles: default
2021-12-07 21:58:28.996  INFO 53437 --- [restartedMain] .e.DevToolsPropertyDefaultsPostProcessor : Devtools property defaults active! Set 'spring.devtools.add-properties' to 'false' to disable
2021-12-07 21:58:28.996  INFO 53437 --- [restartedMain] .e.DevToolsPropertyDefaultsPostProcessor : For additional web related logging consider setting the 'logging.level.web' property to 'DEBUG'
2021-12-07 21:58:29.435  INFO 53437 --- [restartedMain] .s.d.r.c.RepositoryConfigurationDelegate : Multiple Spring Data modules found, entering strict repository configuration mode!
2021-12-07 21:58:29.436  INFO 53437 --- [restartedMain] .s.d.r.c.RepositoryConfigurationDelegate : Bootstrapping Spring Data Redis repositories in DEFAULT mode.
2021-12-07 21:58:29.445  INFO 53437 --- [restartedMain] .s.d.r.c.RepositoryConfigurationDelegate : Finished Spring Data repository scanning in 2 ms. Found 0 Redis repository interfaces.
2021-12-07 21:58:29.521  INFO 53437 --- [restartedMain] o.s.cloud.context.scope.GenericScope     : BeanFactory id=57a86397-7b8d-36b0-9cd2-3df5146a23a1
2021-12-07 21:58:29.864  INFO 53437 --- [restartedMain] o.s.b.w.embedded.tomcat.TomcatWebServer  : Tomcat initialized with port(s): 8080 (http)
2021-12-07 21:58:29.869  INFO 53437 --- [restartedMain] o.apache.catalina.core.StandardService   : Starting service [Tomcat]
2021-12-07 21:58:29.869  INFO 53437 --- [restartedMain] org.apache.catalina.core.StandardEngine  : Starting Servlet engine: [Apache Tomcat/9.0.54]
2021-12-07 21:58:29.911  INFO 53437 --- [restartedMain] o.a.c.c.C.[Tomcat].[localhost].[/]       : Initializing Spring embedded WebApplicationContext
2021-12-07 21:58:29.911  INFO 53437 --- [restartedMain] w.s.c.ServletWebServerApplicationContext : Root WebApplicationContext: initialization completed in 912 ms
2021-12-07 21:58:30.357  INFO 53437 --- [restartedMain] o.s.b.d.a.OptionalLiveReloadServer       : LiveReload server is running on port 35729
2021-12-07 21:58:30.410  INFO 53437 --- [restartedMain] o.s.b.w.embedded.tomcat.TomcatWebServer  : Tomcat started on port(s): 8080 (http) with context path ''
2021-12-07 21:58:30.457  INFO 53437 --- [restartedMain] o.s.b.w.embedded.tomcat.TomcatWebServer  : Tomcat initialized with port(s): 9090 (http)
2021-12-07 21:58:30.458  INFO 53437 --- [restartedMain] o.apache.catalina.core.StandardService   : Starting service [Tomcat]
2021-12-07 21:58:30.458  INFO 53437 --- [restartedMain] org.apache.catalina.core.StandardEngine  : Starting Servlet engine: [Apache Tomcat/9.0.54]
2021-12-07 21:58:30.467  INFO 53437 --- [restartedMain] o.a.c.c.C.[Tomcat-1].[localhost].[/]     : Initializing Spring embedded WebApplicationContext
2021-12-07 21:58:30.467  INFO 53437 --- [restartedMain] w.s.c.ServletWebServerApplicationContext : Root WebApplicationContext: initialization completed in 52 ms
2021-12-07 21:58:30.473  INFO 53437 --- [restartedMain] o.s.b.a.e.web.EndpointLinksResolver      : Exposing 19 endpoint(s) beneath base path '/actuator'
2021-12-07 21:58:30.494  INFO 53437 --- [restartedMain] o.s.b.w.embedded.tomcat.TomcatWebServer  : Tomcat started on port(s): 9090 (http) with context path ''
2021-12-07 21:58:30.508  INFO 53437 --- [restartedMain] c.m.s.b.kube.SpringBootKubeApplication   : Started SpringBootKubeApplication in 1.777 seconds (JVM running for 2.218)
2021-12-07 21:58:31.091  INFO 53437 --- [RMI TCP Connection(4)-192.168.31.205] o.a.c.c.C.[Tomcat].[localhost].[/]       : Initializing Spring DispatcherServlet 'dispatcherServlet'
2021-12-07 21:58:31.092  INFO 53437 --- [RMI TCP Connection(4)-192.168.31.205] o.s.web.servlet.DispatcherServlet        : Initializing Servlet 'dispatcherServlet'
2021-12-07 21:58:31.093  INFO 53437 --- [RMI TCP Connection(4)-192.168.31.205] o.s.web.servlet.DispatcherServlet        : Completed initialization in 1 ms
2021-12-07 21:59:17.061  INFO 53437 --- [http-nio-9090-exec-1] o.a.c.c.C.[Tomcat-1].[localhost].[/]     : Initializing Spring DispatcherServlet 'dispatcherServlet'
2021-12-07 21:59:17.061  INFO 53437 --- [http-nio-9090-exec-1] o.s.web.servlet.DispatcherServlet        : Initializing Servlet 'dispatcherServlet'
2021-12-07 21:59:17.062  INFO 53437 --- [http-nio-9090-exec-1] o.s.web.servlet.DispatcherServlet        : Completed initialization in 1 ms
2021-12-07 22:14:14.925  INFO 53934 --- [Test worker] c.m.s.b.k.SpringBootKubeApplicationTests : Starting SpringBootKubeApplicationTests using Java 11.0.13 on MacBookPro with PID 53934 (started by shishaodong in /Users/shishaodong/IdeaProjects/spring-boot-kube)
2021-12-07 22:14:14.926  INFO 53934 --- [Test worker] c.m.s.b.k.SpringBootKubeApplicationTests : No active profile set, falling back to default profiles: default
2021-12-07 22:14:15.341  INFO 53934 --- [Test worker] .s.d.r.c.RepositoryConfigurationDelegate : Multiple Spring Data modules found, entering strict repository configuration mode!
2021-12-07 22:14:15.342  INFO 53934 --- [Test worker] .s.d.r.c.RepositoryConfigurationDelegate : Bootstrapping Spring Data Redis repositories in DEFAULT mode.
2021-12-07 22:14:15.351  INFO 53934 --- [Test worker] .s.d.r.c.RepositoryConfigurationDelegate : Finished Spring Data repository scanning in 3 ms. Found 0 Redis repository interfaces.
2021-12-07 22:14:15.434  INFO 53934 --- [Test worker] o.s.cloud.context.scope.GenericScope     : BeanFactory id=b2c5de2e-55f3-364c-a561-b10380af1361
2021-12-07 22:14:16.279  INFO 53934 --- [Test worker] c.m.s.b.k.SpringBootKubeApplicationTests : Started SpringBootKubeApplicationTests in 1.528 seconds (JVM running for 2.074)
